[28-Feb-2020 16:13:49 Europe/Berlin] PHP Notice:  Undefined index: username in C:\xampp\htdocs\filmoteka\config\kontroler.php on line 32
[28-Feb-2020 16:13:49 Europe/Berlin] PHP Notice:  Undefined index: password in C:\xampp\htdocs\filmoteka\config\kontroler.php on line 33
[03-Mar-2020 18:03:47 Europe/Berlin] PHP Fatal error:  Uncaught Error: Class 'Movie' not found in C:\xampp\htdocs\filmoteka\config\kontroler.php:71
Stack trace:
#0 {main}
  thrown in C:\xampp\htdocs\filmoteka\config\kontroler.php on line 71
[03-Mar-2020 18:04:16 Europe/Berlin] PHP Fatal error:  Uncaught Error: Class 'Movie' not found in C:\xampp\htdocs\filmoteka\config\kontroler.php:71
Stack trace:
#0 {main}
  thrown in C:\xampp\htdocs\filmoteka\config\kontroler.php on line 71
[03-Mar-2020 18:06:13 Europe/Berlin] PHP Fatal error:  Uncaught Error: Class 'Movie' not found in C:\xampp\htdocs\filmoteka\config\kontroler.php:71
Stack trace:
#0 {main}
  thrown in C:\xampp\htdocs\filmoteka\config\kontroler.php on line 71
[03-Mar-2020 18:06:46 Europe/Berlin] PHP Fatal error:  Uncaught Error: Class 'Movie' not found in C:\xampp\htdocs\filmoteka\config\kontroler.php:71
Stack trace:
#0 {main}
  thrown in C:\xampp\htdocs\filmoteka\config\kontroler.php on line 71
[03-Mar-2020 18:08:29 Europe/Berlin] PHP Fatal error:  Uncaught Error: Class 'Movie' not found in C:\xampp\htdocs\filmoteka\config\kontroler.php:71
Stack trace:
#0 {main}
  thrown in C:\xampp\htdocs\filmoteka\config\kontroler.php on line 71
[03-Mar-2020 18:11:21 Europe/Berlin] PHP Fatal error:  Uncaught Error: Class 'Movie' not found in C:\xampp\htdocs\filmoteka\config\kontroler.php:71
Stack trace:
#0 {main}
  thrown in C:\xampp\htdocs\filmoteka\config\kontroler.php on line 71
[03-Mar-2020 18:12:07 Europe/Berlin] PHP Fatal error:  Uncaught Error: Class 'Movie' not found in C:\xampp\htdocs\filmoteka\config\kontroler.php:71
Stack trace:
#0 {main}
  thrown in C:\xampp\htdocs\filmoteka\config\kontroler.php on line 71
[08-Mar-2020 23:26:28 Europe/Berlin] PHP Fatal error:  Uncaught Error: Class 'User' not found in C:\xampp\htdocs\filmoteka\config\kontroler.php:85
Stack trace:
#0 {main}
  thrown in C:\xampp\htdocs\filmoteka\config\kontroler.php on line 85
[08-Mar-2020 23:26:30 Europe/Berlin] PHP Fatal error:  Uncaught Error: Class 'User' not found in C:\xampp\htdocs\filmoteka\config\kontroler.php:85
Stack trace:
#0 {main}
  thrown in C:\xampp\htdocs\filmoteka\config\kontroler.php on line 85
[08-Mar-2020 23:26:59 Europe/Berlin] PHP Fatal error:  Uncaught Error: Class 'User' not found in C:\xampp\htdocs\filmoteka\config\kontroler.php:85
Stack trace:
#0 {main}
  thrown in C:\xampp\htdocs\filmoteka\config\kontroler.php on line 85
[08-Mar-2020 23:27:34 Europe/Berlin] PHP Fatal error:  Uncaught Error: Class 'User' not found in C:\xampp\htdocs\filmoteka\config\kontroler.php:85
Stack trace:
#0 {main}
  thrown in C:\xampp\htdocs\filmoteka\config\kontroler.php on line 85
[10-Mar-2020 21:48:23 Europe/Berlin] PHP Fatal error:  Uncaught Error: Cannot use object of type Movie as array in C:\xampp\htdocs\filmoteka\config\kontroler.php:75
Stack trace:
#0 [internal function]: {closure}(Object(Movie), Object(Movie))
#1 C:\xampp\htdocs\filmoteka\config\kontroler.php(78): usort(Array, Object(Closure))
#2 {main}
  thrown in C:\xampp\htdocs\filmoteka\config\kontroler.php on line 75
[10-Mar-2020 21:48:24 Europe/Berlin] PHP Fatal error:  Uncaught Error: Cannot use object of type Movie as array in C:\xampp\htdocs\filmoteka\config\kontroler.php:75
Stack trace:
#0 [internal function]: {closure}(Object(Movie), Object(Movie))
#1 C:\xampp\htdocs\filmoteka\config\kontroler.php(78): usort(Array, Object(Closure))
#2 {main}
  thrown in C:\xampp\htdocs\filmoteka\config\kontroler.php on line 75
[10-Mar-2020 21:48:34 Europe/Berlin] PHP Fatal error:  Uncaught Error: Cannot use object of type Movie as array in C:\xampp\htdocs\filmoteka\config\kontroler.php:75
Stack trace:
#0 [internal function]: {closure}(Object(Movie), Object(Movie))
#1 C:\xampp\htdocs\filmoteka\config\kontroler.php(78): usort(Array, Object(Closure))
#2 {main}
  thrown in C:\xampp\htdocs\filmoteka\config\kontroler.php on line 75
[10-Mar-2020 21:49:19 Europe/Berlin] PHP Fatal error:  Uncaught Error: Cannot use object of type Movie as array in C:\xampp\htdocs\filmoteka\config\kontroler.php:75
Stack trace:
#0 [internal function]: {closure}(Object(Movie), Object(Movie))
#1 C:\xampp\htdocs\filmoteka\config\kontroler.php(78): usort(Array, Object(Closure))
#2 {main}
  thrown in C:\xampp\htdocs\filmoteka\config\kontroler.php on line 75
[10-Mar-2020 21:49:28 Europe/Berlin] PHP Fatal error:  Uncaught Error: Cannot use object of type Movie as array in C:\xampp\htdocs\filmoteka\config\kontroler.php:75
Stack trace:
#0 [internal function]: {closure}(Object(Movie), Object(Movie))
#1 C:\xampp\htdocs\filmoteka\config\kontroler.php(78): usort(Array, Object(Closure))
#2 {main}
  thrown in C:\xampp\htdocs\filmoteka\config\kontroler.php on line 75
[10-Mar-2020 21:53:27 Europe/Berlin] PHP Parse error:  syntax error, unexpected '?>', expecting function (T_FUNCTION) or const (T_CONST) in C:\xampp\htdocs\filmoteka\config\Movie.php on line 32
[10-Mar-2020 22:32:56 Europe/Berlin] PHP Notice:  Undefined variable: db_user in C:\xampp\htdocs\filmoteka\config\get_users.php on line 23
[10-Mar-2020 22:32:56 Europe/Berlin] PHP Notice:  Undefined variable: db_pass in C:\xampp\htdocs\filmoteka\config\get_users.php on line 24
[10-Mar-2020 22:32:56 Europe/Berlin] PHP Notice:  Undefined variable: db_db in C:\xampp\htdocs\filmoteka\config\get_users.php on line 25
[10-Mar-2020 22:32:56 Europe/Berlin] PHP Notice:  Undefined variable: db_server in C:\xampp\htdocs\filmoteka\config\get_users.php on line 26
[10-Mar-2020 22:33:07 Europe/Berlin] PHP Notice:  Undefined variable: db_user in C:\xampp\htdocs\filmoteka\config\get_users.php on line 23
[10-Mar-2020 22:33:07 Europe/Berlin] PHP Notice:  Undefined variable: db_pass in C:\xampp\htdocs\filmoteka\config\get_users.php on line 24
[10-Mar-2020 22:33:07 Europe/Berlin] PHP Notice:  Undefined variable: db_db in C:\xampp\htdocs\filmoteka\config\get_users.php on line 25
[10-Mar-2020 22:33:07 Europe/Berlin] PHP Notice:  Undefined variable: db_server in C:\xampp\htdocs\filmoteka\config\get_users.php on line 26
[10-Mar-2020 22:33:09 Europe/Berlin] PHP Notice:  Undefined variable: db_user in C:\xampp\htdocs\filmoteka\config\get_users.php on line 23
[10-Mar-2020 22:33:09 Europe/Berlin] PHP Notice:  Undefined variable: db_pass in C:\xampp\htdocs\filmoteka\config\get_users.php on line 24
[10-Mar-2020 22:33:09 Europe/Berlin] PHP Notice:  Undefined variable: db_db in C:\xampp\htdocs\filmoteka\config\get_users.php on line 25
[10-Mar-2020 22:33:09 Europe/Berlin] PHP Notice:  Undefined variable: db_server in C:\xampp\htdocs\filmoteka\config\get_users.php on line 26
[10-Mar-2020 22:33:14 Europe/Berlin] PHP Notice:  Undefined variable: db_user in C:\xampp\htdocs\filmoteka\config\get_users.php on line 23
[10-Mar-2020 22:33:14 Europe/Berlin] PHP Notice:  Undefined variable: db_pass in C:\xampp\htdocs\filmoteka\config\get_users.php on line 24
[10-Mar-2020 22:33:14 Europe/Berlin] PHP Notice:  Undefined variable: db_db in C:\xampp\htdocs\filmoteka\config\get_users.php on line 25
[10-Mar-2020 22:33:14 Europe/Berlin] PHP Notice:  Undefined variable: db_server in C:\xampp\htdocs\filmoteka\config\get_users.php on line 26
[10-Mar-2020 22:33:58 Europe/Berlin] PHP Notice:  Undefined variable: db_user in C:\xampp\htdocs\filmoteka\config\get_users.php on line 23
[10-Mar-2020 22:33:58 Europe/Berlin] PHP Notice:  Undefined variable: db_pass in C:\xampp\htdocs\filmoteka\config\get_users.php on line 24
[10-Mar-2020 22:33:58 Europe/Berlin] PHP Notice:  Undefined variable: db_db in C:\xampp\htdocs\filmoteka\config\get_users.php on line 25
[10-Mar-2020 22:33:58 Europe/Berlin] PHP Notice:  Undefined variable: db_server in C:\xampp\htdocs\filmoteka\config\get_users.php on line 26
[10-Mar-2020 22:34:12 Europe/Berlin] PHP Notice:  Undefined variable: db_user in C:\xampp\htdocs\filmoteka\config\get_users.php on line 23
[10-Mar-2020 22:34:12 Europe/Berlin] PHP Notice:  Undefined variable: db_pass in C:\xampp\htdocs\filmoteka\config\get_users.php on line 24
[10-Mar-2020 22:34:12 Europe/Berlin] PHP Notice:  Undefined variable: db_db in C:\xampp\htdocs\filmoteka\config\get_users.php on line 25
[10-Mar-2020 22:34:12 Europe/Berlin] PHP Notice:  Undefined variable: db_server in C:\xampp\htdocs\filmoteka\config\get_users.php on line 26
[11-Mar-2020 22:10:09 Europe/Berlin] PHP Notice:  Undefined property: stdClass::$leadActors in C:\xampp\htdocs\filmoteka\config\kontroler.php on line 71
[11-Mar-2020 22:10:09 Europe/Berlin] PHP Notice:  Undefined property: stdClass::$suppportingActors in C:\xampp\htdocs\filmoteka\config\kontroler.php on line 71
[11-Mar-2020 22:10:09 Europe/Berlin] PHP Notice:  Undefined property: stdClass::$leadActors in C:\xampp\htdocs\filmoteka\config\kontroler.php on line 71
[11-Mar-2020 22:10:09 Europe/Berlin] PHP Notice:  Undefined property: stdClass::$suppportingActors in C:\xampp\htdocs\filmoteka\config\kontroler.php on line 71
[11-Mar-2020 22:10:09 Europe/Berlin] PHP Notice:  Undefined property: stdClass::$leadActors in C:\xampp\htdocs\filmoteka\config\kontroler.php on line 71
[11-Mar-2020 22:10:09 Europe/Berlin] PHP Notice:  Undefined property: stdClass::$suppportingActors in C:\xampp\htdocs\filmoteka\config\kontroler.php on line 71
[11-Mar-2020 22:10:09 Europe/Berlin] PHP Notice:  Undefined property: stdClass::$leadActors in C:\xampp\htdocs\filmoteka\config\kontroler.php on line 71
[11-Mar-2020 22:10:09 Europe/Berlin] PHP Notice:  Undefined property: stdClass::$suppportingActors in C:\xampp\htdocs\filmoteka\config\kontroler.php on line 71
[11-Mar-2020 22:10:09 Europe/Berlin] PHP Notice:  Undefined property: stdClass::$leadActors in C:\xampp\htdocs\filmoteka\config\kontroler.php on line 71
[11-Mar-2020 22:10:09 Europe/Berlin] PHP Notice:  Undefined property: stdClass::$suppportingActors in C:\xampp\htdocs\filmoteka\config\kontroler.php on line 71
[11-Mar-2020 22:10:09 Europe/Berlin] PHP Notice:  Undefined property: stdClass::$leadActors in C:\xampp\htdocs\filmoteka\config\kontroler.php on line 71
[11-Mar-2020 22:10:09 Europe/Berlin] PHP Notice:  Undefined property: stdClass::$suppportingActors in C:\xampp\htdocs\filmoteka\config\kontroler.php on line 71
[11-Mar-2020 22:10:09 Europe/Berlin] PHP Notice:  Undefined property: stdClass::$leadActors in C:\xampp\htdocs\filmoteka\config\kontroler.php on line 71
[11-Mar-2020 22:10:09 Europe/Berlin] PHP Notice:  Undefined property: stdClass::$suppportingActors in C:\xampp\htdocs\filmoteka\config\kontroler.php on line 71
[11-Mar-2020 22:10:09 Europe/Berlin] PHP Notice:  Undefined property: stdClass::$leadActors in C:\xampp\htdocs\filmoteka\config\kontroler.php on line 71
[11-Mar-2020 22:10:09 Europe/Berlin] PHP Notice:  Undefined property: stdClass::$suppportingActors in C:\xampp\htdocs\filmoteka\config\kontroler.php on line 71
[11-Mar-2020 22:10:09 Europe/Berlin] PHP Notice:  Undefined property: stdClass::$leadActors in C:\xampp\htdocs\filmoteka\config\kontroler.php on line 71
[11-Mar-2020 22:10:09 Europe/Berlin] PHP Notice:  Undefined property: stdClass::$suppportingActors in C:\xampp\htdocs\filmoteka\config\kontroler.php on line 71
[11-Mar-2020 22:10:09 Europe/Berlin] PHP Notice:  Undefined property: stdClass::$leadActors in C:\xampp\htdocs\filmoteka\config\kontroler.php on line 71
[11-Mar-2020 22:10:09 Europe/Berlin] PHP Notice:  Undefined property: stdClass::$suppportingActors in C:\xampp\htdocs\filmoteka\config\kontroler.php on line 71
[11-Mar-2020 22:10:09 Europe/Berlin] PHP Notice:  Undefined property: stdClass::$leadActors in C:\xampp\htdocs\filmoteka\config\kontroler.php on line 71
[11-Mar-2020 22:10:09 Europe/Berlin] PHP Notice:  Undefined property: stdClass::$suppportingActors in C:\xampp\htdocs\filmoteka\config\kontroler.php on line 71
[11-Mar-2020 22:10:09 Europe/Berlin] PHP Notice:  Undefined property: stdClass::$leadActors in C:\xampp\htdocs\filmoteka\config\kontroler.php on line 71
[11-Mar-2020 22:10:09 Europe/Berlin] PHP Notice:  Undefined property: stdClass::$suppportingActors in C:\xampp\htdocs\filmoteka\config\kontroler.php on line 71
[11-Mar-2020 22:10:09 Europe/Berlin] PHP Notice:  Undefined property: stdClass::$leadActors in C:\xampp\htdocs\filmoteka\config\kontroler.php on line 71
[11-Mar-2020 22:10:09 Europe/Berlin] PHP Notice:  Undefined property: stdClass::$suppportingActors in C:\xampp\htdocs\filmoteka\config\kontroler.php on line 71
[11-Mar-2020 22:10:10 Europe/Berlin] PHP Notice:  Undefined property: stdClass::$leadActors in C:\xampp\htdocs\filmoteka\config\kontroler.php on line 71
[11-Mar-2020 22:10:10 Europe/Berlin] PHP Notice:  Undefined property: stdClass::$suppportingActors in C:\xampp\htdocs\filmoteka\config\kontroler.php on line 71
[11-Mar-2020 22:10:10 Europe/Berlin] PHP Notice:  Undefined property: stdClass::$leadActors in C:\xampp\htdocs\filmoteka\config\kontroler.php on line 71
[11-Mar-2020 22:10:10 Europe/Berlin] PHP Notice:  Undefined property: stdClass::$suppportingActors in C:\xampp\htdocs\filmoteka\config\kontroler.php on line 71
[11-Mar-2020 22:10:10 Europe/Berlin] PHP Notice:  Undefined property: stdClass::$leadActors in C:\xampp\htdocs\filmoteka\config\kontroler.php on line 71
[11-Mar-2020 22:10:10 Europe/Berlin] PHP Notice:  Undefined property: stdClass::$suppportingActors in C:\xampp\htdocs\filmoteka\config\kontroler.php on line 71
[11-Mar-2020 22:10:10 Europe/Berlin] PHP Notice:  Undefined property: stdClass::$leadActors in C:\xampp\htdocs\filmoteka\config\kontroler.php on line 71
[11-Mar-2020 22:10:10 Europe/Berlin] PHP Notice:  Undefined property: stdClass::$suppportingActors in C:\xampp\htdocs\filmoteka\config\kontroler.php on line 71
[11-Mar-2020 22:10:10 Europe/Berlin] PHP Notice:  Undefined property: stdClass::$leadActors in C:\xampp\htdocs\filmoteka\config\kontroler.php on line 71
[11-Mar-2020 22:10:10 Europe/Berlin] PHP Notice:  Undefined property: stdClass::$suppportingActors in C:\xampp\htdocs\filmoteka\config\kontroler.php on line 71
[11-Mar-2020 22:10:10 Europe/Berlin] PHP Notice:  Undefined property: stdClass::$leadActors in C:\xampp\htdocs\filmoteka\config\kontroler.php on line 71
[11-Mar-2020 22:10:10 Europe/Berlin] PHP Notice:  Undefined property: stdClass::$suppportingActors in C:\xampp\htdocs\filmoteka\config\kontroler.php on line 71
[11-Mar-2020 22:10:10 Europe/Berlin] PHP Notice:  Undefined property: stdClass::$leadActors in C:\xampp\htdocs\filmoteka\config\kontroler.php on line 71
[11-Mar-2020 22:10:10 Europe/Berlin] PHP Notice:  Undefined property: stdClass::$suppportingActors in C:\xampp\htdocs\filmoteka\config\kontroler.php on line 71
[11-Mar-2020 22:10:10 Europe/Berlin] PHP Notice:  Undefined property: stdClass::$leadActors in C:\xampp\htdocs\filmoteka\config\kontroler.php on line 71
[11-Mar-2020 22:10:10 Europe/Berlin] PHP Notice:  Undefined property: stdClass::$suppportingActors in C:\xampp\htdocs\filmoteka\config\kontroler.php on line 71
[11-Mar-2020 22:10:10 Europe/Berlin] PHP Notice:  Undefined property: stdClass::$leadActors in C:\xampp\htdocs\filmoteka\config\kontroler.php on line 71
[11-Mar-2020 22:10:10 Europe/Berlin] PHP Notice:  Undefined property: stdClass::$suppportingActors in C:\xampp\htdocs\filmoteka\config\kontroler.php on line 71
[11-Mar-2020 22:10:10 Europe/Berlin] PHP Notice:  Undefined property: stdClass::$leadActors in C:\xampp\htdocs\filmoteka\config\kontroler.php on line 71
[11-Mar-2020 22:10:10 Europe/Berlin] PHP Notice:  Undefined property: stdClass::$suppportingActors in C:\xampp\htdocs\filmoteka\config\kontroler.php on line 71
[11-Mar-2020 22:10:10 Europe/Berlin] PHP Notice:  Undefined property: stdClass::$leadActors in C:\xampp\htdocs\filmoteka\config\kontroler.php on line 71
[11-Mar-2020 22:10:10 Europe/Berlin] PHP Notice:  Undefined property: stdClass::$suppportingActors in C:\xampp\htdocs\filmoteka\config\kontroler.php on line 71
[11-Mar-2020 22:10:10 Europe/Berlin] PHP Notice:  Undefined property: stdClass::$leadActors in C:\xampp\htdocs\filmoteka\config\kontroler.php on line 71
[11-Mar-2020 22:10:10 Europe/Berlin] PHP Notice:  Undefined property: stdClass::$suppportingActors in C:\xampp\htdocs\filmoteka\config\kontroler.php on line 71
[11-Mar-2020 22:10:11 Europe/Berlin] PHP Notice:  Undefined property: stdClass::$leadActors in C:\xampp\htdocs\filmoteka\config\kontroler.php on line 71
[11-Mar-2020 22:10:11 Europe/Berlin] PHP Notice:  Undefined property: stdClass::$suppportingActors in C:\xampp\htdocs\filmoteka\config\kontroler.php on line 71
[11-Mar-2020 22:12:02 Europe/Berlin] PHP Notice:  Undefined property: stdClass::$leadActors in C:\xampp\htdocs\filmoteka\config\kontroler.php on line 71
[11-Mar-2020 22:12:02 Europe/Berlin] PHP Notice:  Undefined property: stdClass::$suppportingActors in C:\xampp\htdocs\filmoteka\config\kontroler.php on line 71
[11-Mar-2020 22:12:02 Europe/Berlin] PHP Notice:  Undefined property: stdClass::$leadActors in C:\xampp\htdocs\filmoteka\config\kontroler.php on line 71
[11-Mar-2020 22:12:02 Europe/Berlin] PHP Notice:  Undefined property: stdClass::$suppportingActors in C:\xampp\htdocs\filmoteka\config\kontroler.php on line 71
[11-Mar-2020 22:12:02 Europe/Berlin] PHP Notice:  Undefined property: stdClass::$leadActors in C:\xampp\htdocs\filmoteka\config\kontroler.php on line 71
[11-Mar-2020 22:12:02 Europe/Berlin] PHP Notice:  Undefined property: stdClass::$suppportingActors in C:\xampp\htdocs\filmoteka\config\kontroler.php on line 71
[11-Mar-2020 22:12:02 Europe/Berlin] PHP Notice:  Undefined property: stdClass::$leadActors in C:\xampp\htdocs\filmoteka\config\kontroler.php on line 71
[11-Mar-2020 22:12:02 Europe/Berlin] PHP Notice:  Undefined property: stdClass::$suppportingActors in C:\xampp\htdocs\filmoteka\config\kontroler.php on line 71
[11-Mar-2020 22:12:02 Europe/Berlin] PHP Notice:  Undefined property: stdClass::$leadActors in C:\xampp\htdocs\filmoteka\config\kontroler.php on line 71
[11-Mar-2020 22:12:02 Europe/Berlin] PHP Notice:  Undefined property: stdClass::$suppportingActors in C:\xampp\htdocs\filmoteka\config\kontroler.php on line 71
[11-Mar-2020 22:12:02 Europe/Berlin] PHP Notice:  Undefined property: stdClass::$leadActors in C:\xampp\htdocs\filmoteka\config\kontroler.php on line 71
[11-Mar-2020 22:12:02 Europe/Berlin] PHP Notice:  Undefined property: stdClass::$suppportingActors in C:\xampp\htdocs\filmoteka\config\kontroler.php on line 71
[11-Mar-2020 22:12:02 Europe/Berlin] PHP Notice:  Undefined property: stdClass::$leadActors in C:\xampp\htdocs\filmoteka\config\kontroler.php on line 71
[11-Mar-2020 22:12:02 Europe/Berlin] PHP Notice:  Undefined property: stdClass::$suppportingActors in C:\xampp\htdocs\filmoteka\config\kontroler.php on line 71
[11-Mar-2020 22:12:02 Europe/Berlin] PHP Notice:  Undefined property: stdClass::$leadActors in C:\xampp\htdocs\filmoteka\config\kontroler.php on line 71
[11-Mar-2020 22:12:02 Europe/Berlin] PHP Notice:  Undefined property: stdClass::$suppportingActors in C:\xampp\htdocs\filmoteka\config\kontroler.php on line 71
[11-Mar-2020 22:12:02 Europe/Berlin] PHP Notice:  Undefined property: stdClass::$leadActors in C:\xampp\htdocs\filmoteka\config\kontroler.php on line 71
[11-Mar-2020 22:12:02 Europe/Berlin] PHP Notice:  Undefined property: stdClass::$suppportingActors in C:\xampp\htdocs\filmoteka\config\kontroler.php on line 71
[11-Mar-2020 22:12:02 Europe/Berlin] PHP Notice:  Undefined property: stdClass::$leadActors in C:\xampp\htdocs\filmoteka\config\kontroler.php on line 71
[11-Mar-2020 22:12:02 Europe/Berlin] PHP Notice:  Undefined property: stdClass::$suppportingActors in C:\xampp\htdocs\filmoteka\config\kontroler.php on line 71
[11-Mar-2020 22:12:02 Europe/Berlin] PHP Notice:  Undefined property: stdClass::$leadActors in C:\xampp\htdocs\filmoteka\config\kontroler.php on line 71
[11-Mar-2020 22:12:02 Europe/Berlin] PHP Notice:  Undefined property: stdClass::$suppportingActors in C:\xampp\htdocs\filmoteka\config\kontroler.php on line 71
[11-Mar-2020 22:12:02 Europe/Berlin] PHP Notice:  Undefined property: stdClass::$leadActors in C:\xampp\htdocs\filmoteka\config\kontroler.php on line 71
[11-Mar-2020 22:12:02 Europe/Berlin] PHP Notice:  Undefined property: stdClass::$suppportingActors in C:\xampp\htdocs\filmoteka\config\kontroler.php on line 71
[11-Mar-2020 22:12:02 Europe/Berlin] PHP Notice:  Undefined property: stdClass::$leadActors in C:\xampp\htdocs\filmoteka\config\kontroler.php on line 71
[11-Mar-2020 22:12:02 Europe/Berlin] PHP Notice:  Undefined property: stdClass::$suppportingActors in C:\xampp\htdocs\filmoteka\config\kontroler.php on line 71
[11-Mar-2020 22:13:28 Europe/Berlin] PHP Notice:  Undefined property: stdClass::$leadActors in C:\xampp\htdocs\filmoteka\config\kontroler.php on line 71
[11-Mar-2020 22:13:28 Europe/Berlin] PHP Notice:  Undefined property: stdClass::$suppportingActors in C:\xampp\htdocs\filmoteka\config\kontroler.php on line 71
[11-Mar-2020 22:13:28 Europe/Berlin] PHP Notice:  Undefined property: stdClass::$leadActors in C:\xampp\htdocs\filmoteka\config\kontroler.php on line 71
[11-Mar-2020 22:13:28 Europe/Berlin] PHP Notice:  Undefined property: stdClass::$suppportingActors in C:\xampp\htdocs\filmoteka\config\kontroler.php on line 71
[11-Mar-2020 22:13:28 Europe/Berlin] PHP Notice:  Undefined property: stdClass::$leadActors in C:\xampp\htdocs\filmoteka\config\kontroler.php on line 71
[11-Mar-2020 22:13:28 Europe/Berlin] PHP Notice:  Undefined property: stdClass::$suppportingActors in C:\xampp\htdocs\filmoteka\config\kontroler.php on line 71
[11-Mar-2020 22:13:28 Europe/Berlin] PHP Notice:  Undefined property: stdClass::$leadActors in C:\xampp\htdocs\filmoteka\config\kontroler.php on line 71
[11-Mar-2020 22:13:28 Europe/Berlin] PHP Notice:  Undefined property: stdClass::$suppportingActors in C:\xampp\htdocs\filmoteka\config\kontroler.php on line 71
[11-Mar-2020 22:13:28 Europe/Berlin] PHP Notice:  Undefined property: stdClass::$leadActors in C:\xampp\htdocs\filmoteka\config\kontroler.php on line 71
[11-Mar-2020 22:13:28 Europe/Berlin] PHP Notice:  Undefined property: stdClass::$suppportingActors in C:\xampp\htdocs\filmoteka\config\kontroler.php on line 71
[11-Mar-2020 22:13:28 Europe/Berlin] PHP Notice:  Undefined property: stdClass::$leadActors in C:\xampp\htdocs\filmoteka\config\kontroler.php on line 71
[11-Mar-2020 22:13:28 Europe/Berlin] PHP Notice:  Undefined property: stdClass::$suppportingActors in C:\xampp\htdocs\filmoteka\config\kontroler.php on line 71
[11-Mar-2020 22:13:28 Europe/Berlin] PHP Notice:  Undefined property: stdClass::$leadActors in C:\xampp\htdocs\filmoteka\config\kontroler.php on line 71
[11-Mar-2020 22:13:28 Europe/Berlin] PHP Notice:  Undefined property: stdClass::$suppportingActors in C:\xampp\htdocs\filmoteka\config\kontroler.php on line 71
[11-Mar-2020 22:13:28 Europe/Berlin] PHP Notice:  Undefined property: stdClass::$leadActors in C:\xampp\htdocs\filmoteka\config\kontroler.php on line 71
[11-Mar-2020 22:13:28 Europe/Berlin] PHP Notice:  Undefined property: stdClass::$suppportingActors in C:\xampp\htdocs\filmoteka\config\kontroler.php on line 71
[11-Mar-2020 22:13:28 Europe/Berlin] PHP Notice:  Undefined property: stdClass::$leadActors in C:\xampp\htdocs\filmoteka\config\kontroler.php on line 71
[11-Mar-2020 22:13:28 Europe/Berlin] PHP Notice:  Undefined property: stdClass::$suppportingActors in C:\xampp\htdocs\filmoteka\config\kontroler.php on line 71
[11-Mar-2020 22:13:28 Europe/Berlin] PHP Notice:  Undefined property: stdClass::$leadActors in C:\xampp\htdocs\filmoteka\config\kontroler.php on line 71
[11-Mar-2020 22:13:28 Europe/Berlin] PHP Notice:  Undefined property: stdClass::$suppportingActors in C:\xampp\htdocs\filmoteka\config\kontroler.php on line 71
[11-Mar-2020 22:13:28 Europe/Berlin] PHP Notice:  Undefined property: stdClass::$leadActors in C:\xampp\htdocs\filmoteka\config\kontroler.php on line 71
[11-Mar-2020 22:13:28 Europe/Berlin] PHP Notice:  Undefined property: stdClass::$suppportingActors in C:\xampp\htdocs\filmoteka\config\kontroler.php on line 71
[11-Mar-2020 22:13:28 Europe/Berlin] PHP Notice:  Undefined property: stdClass::$leadActors in C:\xampp\htdocs\filmoteka\config\kontroler.php on line 71
[11-Mar-2020 22:13:28 Europe/Berlin] PHP Notice:  Undefined property: stdClass::$suppportingActors in C:\xampp\htdocs\filmoteka\config\kontroler.php on line 71
[11-Mar-2020 22:13:28 Europe/Berlin] PHP Notice:  Undefined property: stdClass::$leadActors in C:\xampp\htdocs\filmoteka\config\kontroler.php on line 71
[11-Mar-2020 22:13:28 Europe/Berlin] PHP Notice:  Undefined property: stdClass::$suppportingActors in C:\xampp\htdocs\filmoteka\config\kontroler.php on line 71
[11-Mar-2020 22:13:32 Europe/Berlin] PHP Notice:  Undefined property: stdClass::$leadActors in C:\xampp\htdocs\filmoteka\config\kontroler.php on line 71
[11-Mar-2020 22:13:32 Europe/Berlin] PHP Notice:  Undefined property: stdClass::$suppportingActors in C:\xampp\htdocs\filmoteka\config\kontroler.php on line 71
[11-Mar-2020 22:13:32 Europe/Berlin] PHP Notice:  Undefined property: stdClass::$leadActors in C:\xampp\htdocs\filmoteka\config\kontroler.php on line 71
[11-Mar-2020 22:13:32 Europe/Berlin] PHP Notice:  Undefined property: stdClass::$suppportingActors in C:\xampp\htdocs\filmoteka\config\kontroler.php on line 71
[11-Mar-2020 22:13:32 Europe/Berlin] PHP Notice:  Undefined property: stdClass::$leadActors in C:\xampp\htdocs\filmoteka\config\kontroler.php on line 71
[11-Mar-2020 22:13:32 Europe/Berlin] PHP Notice:  Undefined property: stdClass::$suppportingActors in C:\xampp\htdocs\filmoteka\config\kontroler.php on line 71
[11-Mar-2020 22:13:32 Europe/Berlin] PHP Notice:  Undefined property: stdClass::$leadActors in C:\xampp\htdocs\filmoteka\config\kontroler.php on line 71
[11-Mar-2020 22:13:32 Europe/Berlin] PHP Notice:  Undefined property: stdClass::$suppportingActors in C:\xampp\htdocs\filmoteka\config\kontroler.php on line 71
[11-Mar-2020 22:13:32 Europe/Berlin] PHP Notice:  Undefined property: stdClass::$leadActors in C:\xampp\htdocs\filmoteka\config\kontroler.php on line 71
[11-Mar-2020 22:13:32 Europe/Berlin] PHP Notice:  Undefined property: stdClass::$suppportingActors in C:\xampp\htdocs\filmoteka\config\kontroler.php on line 71
[11-Mar-2020 22:13:32 Europe/Berlin] PHP Notice:  Undefined property: stdClass::$leadActors in C:\xampp\htdocs\filmoteka\config\kontroler.php on line 71
[11-Mar-2020 22:13:32 Europe/Berlin] PHP Notice:  Undefined property: stdClass::$suppportingActors in C:\xampp\htdocs\filmoteka\config\kontroler.php on line 71
[11-Mar-2020 22:13:32 Europe/Berlin] PHP Notice:  Undefined property: stdClass::$leadActors in C:\xampp\htdocs\filmoteka\config\kontroler.php on line 71
[11-Mar-2020 22:13:32 Europe/Berlin] PHP Notice:  Undefined property: stdClass::$suppportingActors in C:\xampp\htdocs\filmoteka\config\kontroler.php on line 71
[11-Mar-2020 22:13:32 Europe/Berlin] PHP Notice:  Undefined property: stdClass::$leadActors in C:\xampp\htdocs\filmoteka\config\kontroler.php on line 71
[11-Mar-2020 22:13:32 Europe/Berlin] PHP Notice:  Undefined property: stdClass::$suppportingActors in C:\xampp\htdocs\filmoteka\config\kontroler.php on line 71
[11-Mar-2020 22:13:32 Europe/Berlin] PHP Notice:  Undefined property: stdClass::$leadActors in C:\xampp\htdocs\filmoteka\config\kontroler.php on line 71
[11-Mar-2020 22:13:33 Europe/Berlin] PHP Notice:  Undefined property: stdClass::$suppportingActors in C:\xampp\htdocs\filmoteka\config\kontroler.php on line 71
[11-Mar-2020 22:13:33 Europe/Berlin] PHP Notice:  Undefined property: stdClass::$leadActors in C:\xampp\htdocs\filmoteka\config\kontroler.php on line 71
[11-Mar-2020 22:13:33 Europe/Berlin] PHP Notice:  Undefined property: stdClass::$suppportingActors in C:\xampp\htdocs\filmoteka\config\kontroler.php on line 71
[11-Mar-2020 22:13:33 Europe/Berlin] PHP Notice:  Undefined property: stdClass::$leadActors in C:\xampp\htdocs\filmoteka\config\kontroler.php on line 71
[11-Mar-2020 22:13:33 Europe/Berlin] PHP Notice:  Undefined property: stdClass::$suppportingActors in C:\xampp\htdocs\filmoteka\config\kontroler.php on line 71
[11-Mar-2020 22:13:33 Europe/Berlin] PHP Notice:  Undefined property: stdClass::$leadActors in C:\xampp\htdocs\filmoteka\config\kontroler.php on line 71
[11-Mar-2020 22:13:33 Europe/Berlin] PHP Notice:  Undefined property: stdClass::$suppportingActors in C:\xampp\htdocs\filmoteka\config\kontroler.php on line 71
[11-Mar-2020 22:13:33 Europe/Berlin] PHP Notice:  Undefined property: stdClass::$leadActors in C:\xampp\htdocs\filmoteka\config\kontroler.php on line 71
[11-Mar-2020 22:13:33 Europe/Berlin] PHP Notice:  Undefined property: stdClass::$suppportingActors in C:\xampp\htdocs\filmoteka\config\kontroler.php on line 71
[11-Mar-2020 22:14:25 Europe/Berlin] PHP Notice:  Undefined property: stdClass::$leadActors in C:\xampp\htdocs\filmoteka\config\kontroler.php on line 71
[11-Mar-2020 22:14:25 Europe/Berlin] PHP Notice:  Undefined property: stdClass::$suppportingActors in C:\xampp\htdocs\filmoteka\config\kontroler.php on line 71
[11-Mar-2020 22:14:25 Europe/Berlin] PHP Notice:  Undefined property: stdClass::$leadActors in C:\xampp\htdocs\filmoteka\config\kontroler.php on line 71
[11-Mar-2020 22:14:25 Europe/Berlin] PHP Notice:  Undefined property: stdClass::$suppportingActors in C:\xampp\htdocs\filmoteka\config\kontroler.php on line 71
[11-Mar-2020 22:14:25 Europe/Berlin] PHP Notice:  Undefined property: stdClass::$leadActors in C:\xampp\htdocs\filmoteka\config\kontroler.php on line 71
[11-Mar-2020 22:14:25 Europe/Berlin] PHP Notice:  Undefined property: stdClass::$suppportingActors in C:\xampp\htdocs\filmoteka\config\kontroler.php on line 71
[11-Mar-2020 22:14:25 Europe/Berlin] PHP Notice:  Undefined property: stdClass::$leadActors in C:\xampp\htdocs\filmoteka\config\kontroler.php on line 71
[11-Mar-2020 22:14:25 Europe/Berlin] PHP Notice:  Undefined property: stdClass::$suppportingActors in C:\xampp\htdocs\filmoteka\config\kontroler.php on line 71
[11-Mar-2020 22:14:25 Europe/Berlin] PHP Notice:  Undefined property: stdClass::$leadActors in C:\xampp\htdocs\filmoteka\config\kontroler.php on line 71
[11-Mar-2020 22:14:25 Europe/Berlin] PHP Notice:  Undefined property: stdClass::$suppportingActors in C:\xampp\htdocs\filmoteka\config\kontroler.php on line 71
[11-Mar-2020 22:14:25 Europe/Berlin] PHP Notice:  Undefined property: stdClass::$leadActors in C:\xampp\htdocs\filmoteka\config\kontroler.php on line 71
[11-Mar-2020 22:14:25 Europe/Berlin] PHP Notice:  Undefined property: stdClass::$suppportingActors in C:\xampp\htdocs\filmoteka\config\kontroler.php on line 71
[11-Mar-2020 22:14:25 Europe/Berlin] PHP Notice:  Undefined property: stdClass::$leadActors in C:\xampp\htdocs\filmoteka\config\kontroler.php on line 71
[11-Mar-2020 22:14:25 Europe/Berlin] PHP Notice:  Undefined property: stdClass::$suppportingActors in C:\xampp\htdocs\filmoteka\config\kontroler.php on line 71
[11-Mar-2020 22:14:25 Europe/Berlin] PHP Notice:  Undefined property: stdClass::$leadActors in C:\xampp\htdocs\filmoteka\config\kontroler.php on line 71
[11-Mar-2020 22:14:25 Europe/Berlin] PHP Notice:  Undefined property: stdClass::$suppportingActors in C:\xampp\htdocs\filmoteka\config\kontroler.php on line 71
[11-Mar-2020 22:14:25 Europe/Berlin] PHP Notice:  Undefined property: stdClass::$leadActors in C:\xampp\htdocs\filmoteka\config\kontroler.php on line 71
[11-Mar-2020 22:14:25 Europe/Berlin] PHP Notice:  Undefined property: stdClass::$suppportingActors in C:\xampp\htdocs\filmoteka\config\kontroler.php on line 71
[11-Mar-2020 22:14:25 Europe/Berlin] PHP Notice:  Undefined property: stdClass::$leadActors in C:\xampp\htdocs\filmoteka\config\kontroler.php on line 71
[11-Mar-2020 22:14:25 Europe/Berlin] PHP Notice:  Undefined property: stdClass::$suppportingActors in C:\xampp\htdocs\filmoteka\config\kontroler.php on line 71
[11-Mar-2020 22:14:25 Europe/Berlin] PHP Notice:  Undefined property: stdClass::$leadActors in C:\xampp\htdocs\filmoteka\config\kontroler.php on line 71
[11-Mar-2020 22:14:25 Europe/Berlin] PHP Notice:  Undefined property: stdClass::$suppportingActors in C:\xampp\htdocs\filmoteka\config\kontroler.php on line 71
[11-Mar-2020 22:14:25 Europe/Berlin] PHP Notice:  Undefined property: stdClass::$leadActors in C:\xampp\htdocs\filmoteka\config\kontroler.php on line 71
[11-Mar-2020 22:14:25 Europe/Berlin] PHP Notice:  Undefined property: stdClass::$suppportingActors in C:\xampp\htdocs\filmoteka\config\kontroler.php on line 71
[11-Mar-2020 22:14:25 Europe/Berlin] PHP Notice:  Undefined property: stdClass::$leadActors in C:\xampp\htdocs\filmoteka\config\kontroler.php on line 71
[11-Mar-2020 22:14:25 Europe/Berlin] PHP Notice:  Undefined property: stdClass::$suppportingActors in C:\xampp\htdocs\filmoteka\config\kontroler.php on line 71
[11-Mar-2020 22:14:29 Europe/Berlin] PHP Notice:  Undefined property: stdClass::$leadActors in C:\xampp\htdocs\filmoteka\config\kontroler.php on line 71
[11-Mar-2020 22:14:29 Europe/Berlin] PHP Notice:  Undefined property: stdClass::$suppportingActors in C:\xampp\htdocs\filmoteka\config\kontroler.php on line 71
[11-Mar-2020 22:14:29 Europe/Berlin] PHP Notice:  Undefined property: stdClass::$leadActors in C:\xampp\htdocs\filmoteka\config\kontroler.php on line 71
[11-Mar-2020 22:14:29 Europe/Berlin] PHP Notice:  Undefined property: stdClass::$suppportingActors in C:\xampp\htdocs\filmoteka\config\kontroler.php on line 71
[11-Mar-2020 22:14:29 Europe/Berlin] PHP Notice:  Undefined property: stdClass::$leadActors in C:\xampp\htdocs\filmoteka\config\kontroler.php on line 71
[11-Mar-2020 22:14:29 Europe/Berlin] PHP Notice:  Undefined property: stdClass::$suppportingActors in C:\xampp\htdocs\filmoteka\config\kontroler.php on line 71
[11-Mar-2020 22:14:29 Europe/Berlin] PHP Notice:  Undefined property: stdClass::$leadActors in C:\xampp\htdocs\filmoteka\config\kontroler.php on line 71
[11-Mar-2020 22:14:29 Europe/Berlin] PHP Notice:  Undefined property: stdClass::$suppportingActors in C:\xampp\htdocs\filmoteka\config\kontroler.php on line 71
[11-Mar-2020 22:14:29 Europe/Berlin] PHP Notice:  Undefined property: stdClass::$leadActors in C:\xampp\htdocs\filmoteka\config\kontroler.php on line 71
[11-Mar-2020 22:14:29 Europe/Berlin] PHP Notice:  Undefined property: stdClass::$suppportingActors in C:\xampp\htdocs\filmoteka\config\kontroler.php on line 71
[11-Mar-2020 22:14:29 Europe/Berlin] PHP Notice:  Undefined property: stdClass::$leadActors in C:\xampp\htdocs\filmoteka\config\kontroler.php on line 71
[11-Mar-2020 22:14:29 Europe/Berlin] PHP Notice:  Undefined property: stdClass::$suppportingActors in C:\xampp\htdocs\filmoteka\config\kontroler.php on line 71
[11-Mar-2020 22:14:29 Europe/Berlin] PHP Notice:  Undefined property: stdClass::$leadActors in C:\xampp\htdocs\filmoteka\config\kontroler.php on line 71
[11-Mar-2020 22:14:29 Europe/Berlin] PHP Notice:  Undefined property: stdClass::$suppportingActors in C:\xampp\htdocs\filmoteka\config\kontroler.php on line 71
[11-Mar-2020 22:14:29 Europe/Berlin] PHP Notice:  Undefined property: stdClass::$leadActors in C:\xampp\htdocs\filmoteka\config\kontroler.php on line 71
[11-Mar-2020 22:14:29 Europe/Berlin] PHP Notice:  Undefined property: stdClass::$suppportingActors in C:\xampp\htdocs\filmoteka\config\kontroler.php on line 71
[11-Mar-2020 22:14:29 Europe/Berlin] PHP Notice:  Undefined property: stdClass::$leadActors in C:\xampp\htdocs\filmoteka\config\kontroler.php on line 71
[11-Mar-2020 22:14:29 Europe/Berlin] PHP Notice:  Undefined property: stdClass::$suppportingActors in C:\xampp\htdocs\filmoteka\config\kontroler.php on line 71
[11-Mar-2020 22:14:29 Europe/Berlin] PHP Notice:  Undefined property: stdClass::$leadActors in C:\xampp\htdocs\filmoteka\config\kontroler.php on line 71
[11-Mar-2020 22:14:29 Europe/Berlin] PHP Notice:  Undefined property: stdClass::$suppportingActors in C:\xampp\htdocs\filmoteka\config\kontroler.php on line 71
[11-Mar-2020 22:14:29 Europe/Berlin] PHP Notice:  Undefined property: stdClass::$leadActors in C:\xampp\htdocs\filmoteka\config\kontroler.php on line 71
[11-Mar-2020 22:14:29 Europe/Berlin] PHP Notice:  Undefined property: stdClass::$suppportingActors in C:\xampp\htdocs\filmoteka\config\kontroler.php on line 71
[11-Mar-2020 22:14:29 Europe/Berlin] PHP Notice:  Undefined property: stdClass::$leadActors in C:\xampp\htdocs\filmoteka\config\kontroler.php on line 71
[11-Mar-2020 22:14:29 Europe/Berlin] PHP Notice:  Undefined property: stdClass::$suppportingActors in C:\xampp\htdocs\filmoteka\config\kontroler.php on line 71
[11-Mar-2020 22:14:29 Europe/Berlin] PHP Notice:  Undefined property: stdClass::$leadActors in C:\xampp\htdocs\filmoteka\config\kontroler.php on line 71
[11-Mar-2020 22:14:29 Europe/Berlin] PHP Notice:  Undefined property: stdClass::$suppportingActors in C:\xampp\htdocs\filmoteka\config\kontroler.php on line 71
[11-Mar-2020 22:15:42 Europe/Berlin] PHP Notice:  Undefined property: stdClass::$leadActors in C:\xampp\htdocs\filmoteka\config\kontroler.php on line 71
[11-Mar-2020 22:15:42 Europe/Berlin] PHP Notice:  Undefined property: stdClass::$suppportingActors in C:\xampp\htdocs\filmoteka\config\kontroler.php on line 71
[11-Mar-2020 22:15:42 Europe/Berlin] PHP Notice:  Undefined property: stdClass::$leadActors in C:\xampp\htdocs\filmoteka\config\kontroler.php on line 71
[11-Mar-2020 22:15:42 Europe/Berlin] PHP Notice:  Undefined property: stdClass::$suppportingActors in C:\xampp\htdocs\filmoteka\config\kontroler.php on line 71
[11-Mar-2020 22:15:42 Europe/Berlin] PHP Notice:  Undefined property: stdClass::$leadActors in C:\xampp\htdocs\filmoteka\config\kontroler.php on line 71
[11-Mar-2020 22:15:42 Europe/Berlin] PHP Notice:  Undefined property: stdClass::$suppportingActors in C:\xampp\htdocs\filmoteka\config\kontroler.php on line 71
[11-Mar-2020 22:15:42 Europe/Berlin] PHP Notice:  Undefined property: stdClass::$leadActors in C:\xampp\htdocs\filmoteka\config\kontroler.php on line 71
[11-Mar-2020 22:15:42 Europe/Berlin] PHP Notice:  Undefined property: stdClass::$suppportingActors in C:\xampp\htdocs\filmoteka\config\kontroler.php on line 71
[11-Mar-2020 22:15:42 Europe/Berlin] PHP Notice:  Undefined property: stdClass::$leadActors in C:\xampp\htdocs\filmoteka\config\kontroler.php on line 71
[11-Mar-2020 22:15:42 Europe/Berlin] PHP Notice:  Undefined property: stdClass::$suppportingActors in C:\xampp\htdocs\filmoteka\config\kontroler.php on line 71
[11-Mar-2020 22:15:42 Europe/Berlin] PHP Notice:  Undefined property: stdClass::$leadActors in C:\xampp\htdocs\filmoteka\config\kontroler.php on line 71
[11-Mar-2020 22:15:42 Europe/Berlin] PHP Notice:  Undefined property: stdClass::$suppportingActors in C:\xampp\htdocs\filmoteka\config\kontroler.php on line 71
[11-Mar-2020 22:15:42 Europe/Berlin] PHP Notice:  Undefined property: stdClass::$leadActors in C:\xampp\htdocs\filmoteka\config\kontroler.php on line 71
[11-Mar-2020 22:15:42 Europe/Berlin] PHP Notice:  Undefined property: stdClass::$suppportingActors in C:\xampp\htdocs\filmoteka\config\kontroler.php on line 71
[11-Mar-2020 22:15:42 Europe/Berlin] PHP Notice:  Undefined property: stdClass::$leadActors in C:\xampp\htdocs\filmoteka\config\kontroler.php on line 71
[11-Mar-2020 22:15:42 Europe/Berlin] PHP Notice:  Undefined property: stdClass::$suppportingActors in C:\xampp\htdocs\filmoteka\config\kontroler.php on line 71
[11-Mar-2020 22:15:42 Europe/Berlin] PHP Notice:  Undefined property: stdClass::$leadActors in C:\xampp\htdocs\filmoteka\config\kontroler.php on line 71
[11-Mar-2020 22:15:42 Europe/Berlin] PHP Notice:  Undefined property: stdClass::$suppportingActors in C:\xampp\htdocs\filmoteka\config\kontroler.php on line 71
[11-Mar-2020 22:15:42 Europe/Berlin] PHP Notice:  Undefined property: stdClass::$leadActors in C:\xampp\htdocs\filmoteka\config\kontroler.php on line 71
[11-Mar-2020 22:15:42 Europe/Berlin] PHP Notice:  Undefined property: stdClass::$suppportingActors in C:\xampp\htdocs\filmoteka\config\kontroler.php on line 71
[11-Mar-2020 22:15:42 Europe/Berlin] PHP Notice:  Undefined property: stdClass::$leadActors in C:\xampp\htdocs\filmoteka\config\kontroler.php on line 71
[11-Mar-2020 22:15:42 Europe/Berlin] PHP Notice:  Undefined property: stdClass::$suppportingActors in C:\xampp\htdocs\filmoteka\config\kontroler.php on line 71
[11-Mar-2020 22:15:42 Europe/Berlin] PHP Notice:  Undefined property: stdClass::$leadActors in C:\xampp\htdocs\filmoteka\config\kontroler.php on line 71
[11-Mar-2020 22:15:42 Europe/Berlin] PHP Notice:  Undefined property: stdClass::$suppportingActors in C:\xampp\htdocs\filmoteka\config\kontroler.php on line 71
[11-Mar-2020 22:15:42 Europe/Berlin] PHP Notice:  Undefined property: stdClass::$leadActors in C:\xampp\htdocs\filmoteka\config\kontroler.php on line 71
[11-Mar-2020 22:15:42 Europe/Berlin] PHP Notice:  Undefined property: stdClass::$suppportingActors in C:\xampp\htdocs\filmoteka\config\kontroler.php on line 71
[11-Mar-2020 22:16:15 Europe/Berlin] PHP Notice:  Undefined property: stdClass::$leadActors in C:\xampp\htdocs\filmoteka\config\kontroler.php on line 71
[11-Mar-2020 22:16:15 Europe/Berlin] PHP Notice:  Undefined property: stdClass::$suppportingActors in C:\xampp\htdocs\filmoteka\config\kontroler.php on line 71
[11-Mar-2020 22:16:15 Europe/Berlin] PHP Notice:  Undefined property: stdClass::$leadActors in C:\xampp\htdocs\filmoteka\config\kontroler.php on line 71
[11-Mar-2020 22:16:15 Europe/Berlin] PHP Notice:  Undefined property: stdClass::$suppportingActors in C:\xampp\htdocs\filmoteka\config\kontroler.php on line 71
[11-Mar-2020 22:16:15 Europe/Berlin] PHP Notice:  Undefined property: stdClass::$leadActors in C:\xampp\htdocs\filmoteka\config\kontroler.php on line 71
[11-Mar-2020 22:16:15 Europe/Berlin] PHP Notice:  Undefined property: stdClass::$suppportingActors in C:\xampp\htdocs\filmoteka\config\kontroler.php on line 71
[11-Mar-2020 22:16:15 Europe/Berlin] PHP Notice:  Undefined property: stdClass::$leadActors in C:\xampp\htdocs\filmoteka\config\kontroler.php on line 71
[11-Mar-2020 22:16:15 Europe/Berlin] PHP Notice:  Undefined property: stdClass::$suppportingActors in C:\xampp\htdocs\filmoteka\config\kontroler.php on line 71
[11-Mar-2020 22:16:15 Europe/Berlin] PHP Notice:  Undefined property: stdClass::$leadActors in C:\xampp\htdocs\filmoteka\config\kontroler.php on line 71
[11-Mar-2020 22:16:15 Europe/Berlin] PHP Notice:  Undefined property: stdClass::$suppportingActors in C:\xampp\htdocs\filmoteka\config\kontroler.php on line 71
[11-Mar-2020 22:16:15 Europe/Berlin] PHP Notice:  Undefined property: stdClass::$leadActors in C:\xampp\htdocs\filmoteka\config\kontroler.php on line 71
[11-Mar-2020 22:16:15 Europe/Berlin] PHP Notice:  Undefined property: stdClass::$suppportingActors in C:\xampp\htdocs\filmoteka\config\kontroler.php on line 71
[11-Mar-2020 22:16:15 Europe/Berlin] PHP Notice:  Undefined property: stdClass::$leadActors in C:\xampp\htdocs\filmoteka\config\kontroler.php on line 71
[11-Mar-2020 22:16:15 Europe/Berlin] PHP Notice:  Undefined property: stdClass::$suppportingActors in C:\xampp\htdocs\filmoteka\config\kontroler.php on line 71
[11-Mar-2020 22:16:15 Europe/Berlin] PHP Notice:  Undefined property: stdClass::$leadActors in C:\xampp\htdocs\filmoteka\config\kontroler.php on line 71
[11-Mar-2020 22:16:15 Europe/Berlin] PHP Notice:  Undefined property: stdClass::$suppportingActors in C:\xampp\htdocs\filmoteka\config\kontroler.php on line 71
[11-Mar-2020 22:16:15 Europe/Berlin] PHP Notice:  Undefined property: stdClass::$leadActors in C:\xampp\htdocs\filmoteka\config\kontroler.php on line 71
[11-Mar-2020 22:16:15 Europe/Berlin] PHP Notice:  Undefined property: stdClass::$suppportingActors in C:\xampp\htdocs\filmoteka\config\kontroler.php on line 71
[11-Mar-2020 22:16:15 Europe/Berlin] PHP Notice:  Undefined property: stdClass::$leadActors in C:\xampp\htdocs\filmoteka\config\kontroler.php on line 71
[11-Mar-2020 22:16:15 Europe/Berlin] PHP Notice:  Undefined property: stdClass::$suppportingActors in C:\xampp\htdocs\filmoteka\config\kontroler.php on line 71
[11-Mar-2020 22:16:15 Europe/Berlin] PHP Notice:  Undefined property: stdClass::$leadActors in C:\xampp\htdocs\filmoteka\config\kontroler.php on line 71
[11-Mar-2020 22:16:15 Europe/Berlin] PHP Notice:  Undefined property: stdClass::$suppportingActors in C:\xampp\htdocs\filmoteka\config\kontroler.php on line 71
[11-Mar-2020 22:16:15 Europe/Berlin] PHP Notice:  Undefined property: stdClass::$leadActors in C:\xampp\htdocs\filmoteka\config\kontroler.php on line 71
[11-Mar-2020 22:16:15 Europe/Berlin] PHP Notice:  Undefined property: stdClass::$suppportingActors in C:\xampp\htdocs\filmoteka\config\kontroler.php on line 71
[11-Mar-2020 22:16:15 Europe/Berlin] PHP Notice:  Undefined property: stdClass::$leadActors in C:\xampp\htdocs\filmoteka\config\kontroler.php on line 71
[11-Mar-2020 22:16:15 Europe/Berlin] PHP Notice:  Undefined property: stdClass::$suppportingActors in C:\xampp\htdocs\filmoteka\config\kontroler.php on line 71
[11-Mar-2020 22:17:10 Europe/Berlin] PHP Notice:  Undefined property: stdClass::$leadActors in C:\xampp\htdocs\filmoteka\config\kontroler.php on line 71
[11-Mar-2020 22:17:10 Europe/Berlin] PHP Notice:  Undefined property: stdClass::$suppportingActors in C:\xampp\htdocs\filmoteka\config\kontroler.php on line 71
[11-Mar-2020 22:17:10 Europe/Berlin] PHP Notice:  Undefined property: stdClass::$leadActors in C:\xampp\htdocs\filmoteka\config\kontroler.php on line 71
[11-Mar-2020 22:17:10 Europe/Berlin] PHP Notice:  Undefined property: stdClass::$suppportingActors in C:\xampp\htdocs\filmoteka\config\kontroler.php on line 71
[11-Mar-2020 22:17:10 Europe/Berlin] PHP Notice:  Undefined property: stdClass::$leadActors in C:\xampp\htdocs\filmoteka\config\kontroler.php on line 71
[11-Mar-2020 22:17:10 Europe/Berlin] PHP Notice:  Undefined property: stdClass::$suppportingActors in C:\xampp\htdocs\filmoteka\config\kontroler.php on line 71
[11-Mar-2020 22:17:10 Europe/Berlin] PHP Notice:  Undefined property: stdClass::$leadActors in C:\xampp\htdocs\filmoteka\config\kontroler.php on line 71
[11-Mar-2020 22:17:10 Europe/Berlin] PHP Notice:  Undefined property: stdClass::$suppportingActors in C:\xampp\htdocs\filmoteka\config\kontroler.php on line 71
[11-Mar-2020 22:17:10 Europe/Berlin] PHP Notice:  Undefined property: stdClass::$leadActors in C:\xampp\htdocs\filmoteka\config\kontroler.php on line 71
[11-Mar-2020 22:17:10 Europe/Berlin] PHP Notice:  Undefined property: stdClass::$suppportingActors in C:\xampp\htdocs\filmoteka\config\kontroler.php on line 71
[11-Mar-2020 22:17:10 Europe/Berlin] PHP Notice:  Undefined property: stdClass::$leadActors in C:\xampp\htdocs\filmoteka\config\kontroler.php on line 71
[11-Mar-2020 22:17:10 Europe/Berlin] PHP Notice:  Undefined property: stdClass::$suppportingActors in C:\xampp\htdocs\filmoteka\config\kontroler.php on line 71
[11-Mar-2020 22:17:10 Europe/Berlin] PHP Notice:  Undefined property: stdClass::$leadActors in C:\xampp\htdocs\filmoteka\config\kontroler.php on line 71
[11-Mar-2020 22:17:10 Europe/Berlin] PHP Notice:  Undefined property: stdClass::$suppportingActors in C:\xampp\htdocs\filmoteka\config\kontroler.php on line 71
[11-Mar-2020 22:17:10 Europe/Berlin] PHP Notice:  Undefined property: stdClass::$leadActors in C:\xampp\htdocs\filmoteka\config\kontroler.php on line 71
[11-Mar-2020 22:17:10 Europe/Berlin] PHP Notice:  Undefined property: stdClass::$suppportingActors in C:\xampp\htdocs\filmoteka\config\kontroler.php on line 71
[11-Mar-2020 22:17:10 Europe/Berlin] PHP Notice:  Undefined property: stdClass::$leadActors in C:\xampp\htdocs\filmoteka\config\kontroler.php on line 71
[11-Mar-2020 22:17:10 Europe/Berlin] PHP Notice:  Undefined property: stdClass::$suppportingActors in C:\xampp\htdocs\filmoteka\config\kontroler.php on line 71
[11-Mar-2020 22:17:10 Europe/Berlin] PHP Notice:  Undefined property: stdClass::$leadActors in C:\xampp\htdocs\filmoteka\config\kontroler.php on line 71
[11-Mar-2020 22:17:10 Europe/Berlin] PHP Notice:  Undefined property: stdClass::$suppportingActors in C:\xampp\htdocs\filmoteka\config\kontroler.php on line 71
[11-Mar-2020 22:17:10 Europe/Berlin] PHP Notice:  Undefined property: stdClass::$leadActors in C:\xampp\htdocs\filmoteka\config\kontroler.php on line 71
[11-Mar-2020 22:17:10 Europe/Berlin] PHP Notice:  Undefined property: stdClass::$suppportingActors in C:\xampp\htdocs\filmoteka\config\kontroler.php on line 71
[11-Mar-2020 22:17:10 Europe/Berlin] PHP Notice:  Undefined property: stdClass::$leadActors in C:\xampp\htdocs\filmoteka\config\kontroler.php on line 71
[11-Mar-2020 22:17:10 Europe/Berlin] PHP Notice:  Undefined property: stdClass::$suppportingActors in C:\xampp\htdocs\filmoteka\config\kontroler.php on line 71
[11-Mar-2020 22:17:10 Europe/Berlin] PHP Notice:  Undefined property: stdClass::$leadActors in C:\xampp\htdocs\filmoteka\config\kontroler.php on line 71
[11-Mar-2020 22:17:10 Europe/Berlin] PHP Notice:  Undefined property: stdClass::$suppportingActors in C:\xampp\htdocs\filmoteka\config\kontroler.php on line 71
[11-Mar-2020 22:17:12 Europe/Berlin] PHP Notice:  Undefined property: stdClass::$leadActors in C:\xampp\htdocs\filmoteka\config\kontroler.php on line 71
[11-Mar-2020 22:17:12 Europe/Berlin] PHP Notice:  Undefined property: stdClass::$suppportingActors in C:\xampp\htdocs\filmoteka\config\kontroler.php on line 71
[11-Mar-2020 22:17:12 Europe/Berlin] PHP Notice:  Undefined property: stdClass::$leadActors in C:\xampp\htdocs\filmoteka\config\kontroler.php on line 71
[11-Mar-2020 22:17:12 Europe/Berlin] PHP Notice:  Undefined property: stdClass::$suppportingActors in C:\xampp\htdocs\filmoteka\config\kontroler.php on line 71
[11-Mar-2020 22:17:12 Europe/Berlin] PHP Notice:  Undefined property: stdClass::$leadActors in C:\xampp\htdocs\filmoteka\config\kontroler.php on line 71
[11-Mar-2020 22:17:12 Europe/Berlin] PHP Notice:  Undefined property: stdClass::$suppportingActors in C:\xampp\htdocs\filmoteka\config\kontroler.php on line 71
[11-Mar-2020 22:17:12 Europe/Berlin] PHP Notice:  Undefined property: stdClass::$leadActors in C:\xampp\htdocs\filmoteka\config\kontroler.php on line 71
[11-Mar-2020 22:17:12 Europe/Berlin] PHP Notice:  Undefined property: stdClass::$suppportingActors in C:\xampp\htdocs\filmoteka\config\kontroler.php on line 71
[11-Mar-2020 22:17:12 Europe/Berlin] PHP Notice:  Undefined property: stdClass::$leadActors in C:\xampp\htdocs\filmoteka\config\kontroler.php on line 71
[11-Mar-2020 22:17:12 Europe/Berlin] PHP Notice:  Undefined property: stdClass::$suppportingActors in C:\xampp\htdocs\filmoteka\config\kontroler.php on line 71
[11-Mar-2020 22:17:12 Europe/Berlin] PHP Notice:  Undefined property: stdClass::$leadActors in C:\xampp\htdocs\filmoteka\config\kontroler.php on line 71
[11-Mar-2020 22:17:12 Europe/Berlin] PHP Notice:  Undefined property: stdClass::$suppportingActors in C:\xampp\htdocs\filmoteka\config\kontroler.php on line 71
[11-Mar-2020 22:17:12 Europe/Berlin] PHP Notice:  Undefined property: stdClass::$leadActors in C:\xampp\htdocs\filmoteka\config\kontroler.php on line 71
[11-Mar-2020 22:17:12 Europe/Berlin] PHP Notice:  Undefined property: stdClass::$suppportingActors in C:\xampp\htdocs\filmoteka\config\kontroler.php on line 71
[11-Mar-2020 22:17:12 Europe/Berlin] PHP Notice:  Undefined property: stdClass::$leadActors in C:\xampp\htdocs\filmoteka\config\kontroler.php on line 71
[11-Mar-2020 22:17:12 Europe/Berlin] PHP Notice:  Undefined property: stdClass::$suppportingActors in C:\xampp\htdocs\filmoteka\config\kontroler.php on line 71
[11-Mar-2020 22:17:12 Europe/Berlin] PHP Notice:  Undefined property: stdClass::$leadActors in C:\xampp\htdocs\filmoteka\config\kontroler.php on line 71
[11-Mar-2020 22:17:12 Europe/Berlin] PHP Notice:  Undefined property: stdClass::$suppportingActors in C:\xampp\htdocs\filmoteka\config\kontroler.php on line 71
[11-Mar-2020 22:17:12 Europe/Berlin] PHP Notice:  Undefined property: stdClass::$leadActors in C:\xampp\htdocs\filmoteka\config\kontroler.php on line 71
[11-Mar-2020 22:17:12 Europe/Berlin] PHP Notice:  Undefined property: stdClass::$suppportingActors in C:\xampp\htdocs\filmoteka\config\kontroler.php on line 71
[11-Mar-2020 22:17:12 Europe/Berlin] PHP Notice:  Undefined property: stdClass::$leadActors in C:\xampp\htdocs\filmoteka\config\kontroler.php on line 71
[11-Mar-2020 22:17:12 Europe/Berlin] PHP Notice:  Undefined property: stdClass::$suppportingActors in C:\xampp\htdocs\filmoteka\config\kontroler.php on line 71
[11-Mar-2020 22:17:12 Europe/Berlin] PHP Notice:  Undefined property: stdClass::$leadActors in C:\xampp\htdocs\filmoteka\config\kontroler.php on line 71
[11-Mar-2020 22:17:12 Europe/Berlin] PHP Notice:  Undefined property: stdClass::$suppportingActors in C:\xampp\htdocs\filmoteka\config\kontroler.php on line 71
[11-Mar-2020 22:17:12 Europe/Berlin] PHP Notice:  Undefined property: stdClass::$leadActors in C:\xampp\htdocs\filmoteka\config\kontroler.php on line 71
[11-Mar-2020 22:17:12 Europe/Berlin] PHP Notice:  Undefined property: stdClass::$suppportingActors in C:\xampp\htdocs\filmoteka\config\kontroler.php on line 71
[11-Mar-2020 22:17:23 Europe/Berlin] PHP Notice:  Undefined property: stdClass::$leadActors in C:\xampp\htdocs\filmoteka\config\kontroler.php on line 71
[11-Mar-2020 22:17:23 Europe/Berlin] PHP Notice:  Undefined property: stdClass::$suppportingActors in C:\xampp\htdocs\filmoteka\config\kontroler.php on line 71
[11-Mar-2020 22:17:23 Europe/Berlin] PHP Notice:  Undefined property: stdClass::$leadActors in C:\xampp\htdocs\filmoteka\config\kontroler.php on line 71
[11-Mar-2020 22:17:23 Europe/Berlin] PHP Notice:  Undefined property: stdClass::$suppportingActors in C:\xampp\htdocs\filmoteka\config\kontroler.php on line 71
[11-Mar-2020 22:17:23 Europe/Berlin] PHP Notice:  Undefined property: stdClass::$leadActors in C:\xampp\htdocs\filmoteka\config\kontroler.php on line 71
[11-Mar-2020 22:17:23 Europe/Berlin] PHP Notice:  Undefined property: stdClass::$suppportingActors in C:\xampp\htdocs\filmoteka\config\kontroler.php on line 71
[11-Mar-2020 22:17:23 Europe/Berlin] PHP Notice:  Undefined property: stdClass::$leadActors in C:\xampp\htdocs\filmoteka\config\kontroler.php on line 71
[11-Mar-2020 22:17:23 Europe/Berlin] PHP Notice:  Undefined property: stdClass::$suppportingActors in C:\xampp\htdocs\filmoteka\config\kontroler.php on line 71
[11-Mar-2020 22:17:23 Europe/Berlin] PHP Notice:  Undefined property: stdClass::$leadActors in C:\xampp\htdocs\filmoteka\config\kontroler.php on line 71
[11-Mar-2020 22:17:23 Europe/Berlin] PHP Notice:  Undefined property: stdClass::$suppportingActors in C:\xampp\htdocs\filmoteka\config\kontroler.php on line 71
[11-Mar-2020 22:17:23 Europe/Berlin] PHP Notice:  Undefined property: stdClass::$leadActors in C:\xampp\htdocs\filmoteka\config\kontroler.php on line 71
[11-Mar-2020 22:17:23 Europe/Berlin] PHP Notice:  Undefined property: stdClass::$suppportingActors in C:\xampp\htdocs\filmoteka\config\kontroler.php on line 71
[11-Mar-2020 22:17:23 Europe/Berlin] PHP Notice:  Undefined property: stdClass::$leadActors in C:\xampp\htdocs\filmoteka\config\kontroler.php on line 71
[11-Mar-2020 22:17:23 Europe/Berlin] PHP Notice:  Undefined property: stdClass::$suppportingActors in C:\xampp\htdocs\filmoteka\config\kontroler.php on line 71
[11-Mar-2020 22:17:23 Europe/Berlin] PHP Notice:  Undefined property: stdClass::$leadActors in C:\xampp\htdocs\filmoteka\config\kontroler.php on line 71
[11-Mar-2020 22:17:23 Europe/Berlin] PHP Notice:  Undefined property: stdClass::$suppportingActors in C:\xampp\htdocs\filmoteka\config\kontroler.php on line 71
[11-Mar-2020 22:17:23 Europe/Berlin] PHP Notice:  Undefined property: stdClass::$leadActors in C:\xampp\htdocs\filmoteka\config\kontroler.php on line 71
[11-Mar-2020 22:17:23 Europe/Berlin] PHP Notice:  Undefined property: stdClass::$suppportingActors in C:\xampp\htdocs\filmoteka\config\kontroler.php on line 71
[11-Mar-2020 22:17:23 Europe/Berlin] PHP Notice:  Undefined property: stdClass::$leadActors in C:\xampp\htdocs\filmoteka\config\kontroler.php on line 71
[11-Mar-2020 22:17:23 Europe/Berlin] PHP Notice:  Undefined property: stdClass::$suppportingActors in C:\xampp\htdocs\filmoteka\config\kontroler.php on line 71
[11-Mar-2020 22:17:23 Europe/Berlin] PHP Notice:  Undefined property: stdClass::$leadActors in C:\xampp\htdocs\filmoteka\config\kontroler.php on line 71
[11-Mar-2020 22:17:23 Europe/Berlin] PHP Notice:  Undefined property: stdClass::$suppportingActors in C:\xampp\htdocs\filmoteka\config\kontroler.php on line 71
[11-Mar-2020 22:17:23 Europe/Berlin] PHP Notice:  Undefined property: stdClass::$leadActors in C:\xampp\htdocs\filmoteka\config\kontroler.php on line 71
[11-Mar-2020 22:17:23 Europe/Berlin] PHP Notice:  Undefined property: stdClass::$suppportingActors in C:\xampp\htdocs\filmoteka\config\kontroler.php on line 71
[11-Mar-2020 22:17:23 Europe/Berlin] PHP Notice:  Undefined property: stdClass::$leadActors in C:\xampp\htdocs\filmoteka\config\kontroler.php on line 71
[11-Mar-2020 22:17:23 Europe/Berlin] PHP Notice:  Undefined property: stdClass::$suppportingActors in C:\xampp\htdocs\filmoteka\config\kontroler.php on line 71
[11-Mar-2020 22:17:45 Europe/Berlin] PHP Notice:  Undefined property: stdClass::$leadActors in C:\xampp\htdocs\filmoteka\config\kontroler.php on line 71
[11-Mar-2020 22:17:45 Europe/Berlin] PHP Notice:  Undefined property: stdClass::$suppportingActors in C:\xampp\htdocs\filmoteka\config\kontroler.php on line 71
[11-Mar-2020 22:17:45 Europe/Berlin] PHP Notice:  Undefined property: stdClass::$leadActors in C:\xampp\htdocs\filmoteka\config\kontroler.php on line 71
[11-Mar-2020 22:17:45 Europe/Berlin] PHP Notice:  Undefined property: stdClass::$suppportingActors in C:\xampp\htdocs\filmoteka\config\kontroler.php on line 71
[11-Mar-2020 22:17:45 Europe/Berlin] PHP Notice:  Undefined property: stdClass::$leadActors in C:\xampp\htdocs\filmoteka\config\kontroler.php on line 71
[11-Mar-2020 22:17:45 Europe/Berlin] PHP Notice:  Undefined property: stdClass::$suppportingActors in C:\xampp\htdocs\filmoteka\config\kontroler.php on line 71
[11-Mar-2020 22:17:45 Europe/Berlin] PHP Notice:  Undefined property: stdClass::$leadActors in C:\xampp\htdocs\filmoteka\config\kontroler.php on line 71
[11-Mar-2020 22:17:45 Europe/Berlin] PHP Notice:  Undefined property: stdClass::$suppportingActors in C:\xampp\htdocs\filmoteka\config\kontroler.php on line 71
[11-Mar-2020 22:17:45 Europe/Berlin] PHP Notice:  Undefined property: stdClass::$leadActors in C:\xampp\htdocs\filmoteka\config\kontroler.php on line 71
[11-Mar-2020 22:17:45 Europe/Berlin] PHP Notice:  Undefined property: stdClass::$suppportingActors in C:\xampp\htdocs\filmoteka\config\kontroler.php on line 71
[11-Mar-2020 22:17:45 Europe/Berlin] PHP Notice:  Undefined property: stdClass::$leadActors in C:\xampp\htdocs\filmoteka\config\kontroler.php on line 71
[11-Mar-2020 22:17:45 Europe/Berlin] PHP Notice:  Undefined property: stdClass::$suppportingActors in C:\xampp\htdocs\filmoteka\config\kontroler.php on line 71
[11-Mar-2020 22:17:45 Europe/Berlin] PHP Notice:  Undefined property: stdClass::$leadActors in C:\xampp\htdocs\filmoteka\config\kontroler.php on line 71
[11-Mar-2020 22:17:45 Europe/Berlin] PHP Notice:  Undefined property: stdClass::$suppportingActors in C:\xampp\htdocs\filmoteka\config\kontroler.php on line 71
[11-Mar-2020 22:17:45 Europe/Berlin] PHP Notice:  Undefined property: stdClass::$leadActors in C:\xampp\htdocs\filmoteka\config\kontroler.php on line 71
[11-Mar-2020 22:17:45 Europe/Berlin] PHP Notice:  Undefined property: stdClass::$suppportingActors in C:\xampp\htdocs\filmoteka\config\kontroler.php on line 71
[11-Mar-2020 22:17:45 Europe/Berlin] PHP Notice:  Undefined property: stdClass::$leadActors in C:\xampp\htdocs\filmoteka\config\kontroler.php on line 71
[11-Mar-2020 22:17:45 Europe/Berlin] PHP Notice:  Undefined property: stdClass::$suppportingActors in C:\xampp\htdocs\filmoteka\config\kontroler.php on line 71
[11-Mar-2020 22:17:45 Europe/Berlin] PHP Notice:  Undefined property: stdClass::$leadActors in C:\xampp\htdocs\filmoteka\config\kontroler.php on line 71
[11-Mar-2020 22:17:45 Europe/Berlin] PHP Notice:  Undefined property: stdClass::$suppportingActors in C:\xampp\htdocs\filmoteka\config\kontroler.php on line 71
[11-Mar-2020 22:17:45 Europe/Berlin] PHP Notice:  Undefined property: stdClass::$leadActors in C:\xampp\htdocs\filmoteka\config\kontroler.php on line 71
[11-Mar-2020 22:17:45 Europe/Berlin] PHP Notice:  Undefined property: stdClass::$suppportingActors in C:\xampp\htdocs\filmoteka\config\kontroler.php on line 71
[11-Mar-2020 22:17:45 Europe/Berlin] PHP Notice:  Undefined property: stdClass::$leadActors in C:\xampp\htdocs\filmoteka\config\kontroler.php on line 71
[11-Mar-2020 22:17:45 Europe/Berlin] PHP Notice:  Undefined property: stdClass::$suppportingActors in C:\xampp\htdocs\filmoteka\config\kontroler.php on line 71
[11-Mar-2020 22:17:45 Europe/Berlin] PHP Notice:  Undefined property: stdClass::$leadActors in C:\xampp\htdocs\filmoteka\config\kontroler.php on line 71
[11-Mar-2020 22:17:45 Europe/Berlin] PHP Notice:  Undefined property: stdClass::$suppportingActors in C:\xampp\htdocs\filmoteka\config\kontroler.php on line 71
